[2019-05-27 18:35:38.446700] INFO: 融合: 规则名称：oracle_4err
[2019-05-27 18:35:38.447700] INFO: 融合: SQL语句：select * from p1_462
[2019-05-27 18:35:38.448701] INFO: 融合: 当前测试模块 : 敏感sql_oracle类型低风险
[2019-05-27 18:35:38.448701] INFO: 融合: 当前测试用例及方法 : (<Func_oracle_re.OracleSqlRe testMethod=test_oracle_re_risk1>,)
[2019-05-27 18:35:38.448701] INFO: 融合: {'url': '/capaa/v1/featuredefense/sqlFeatureDefense', 'desc': '新增敏感sql规则', 'method': 'POST', 'header': {'Content-Type': 'application/json;charset=UTF-8'}, 'urlParam': {}, 'body': {'name': 'name', 'description': '规则名称', 'dbType': 'Oracle', 'dbId': 1, 'riskLevel': 3, 'status': 1, 'payloadType': 'fuzzySQL', 'payloadContent': 'select\\s*(from|\\s*)\\s+((?!where).)*$'}, 'expected': {'code': '0', 'success': True, 'message': 'success', 'data': None}}
[2019-05-27 18:35:38.448701] INFO: 融合: 规则名称：oracle_4err
[2019-05-27 18:35:38.448701] INFO: 融合: 当前sql类型：fuzzySQL
[2019-05-27 18:35:38.449701] INFO: 融合: 新增一条Oracle类型的sql规则
[2019-05-27 18:35:48.497205] INFO: 融合: 在Oracle客户端执行该语句
[2019-05-27 18:35:48.783327] INFO: 融合: 在审计查询里面查找，sql语句应被阻断
[2019-05-27 18:36:05.280229] INFO: 融合: 在MySQL客户端执行该语句
[2019-05-27 18:36:05.392310] INFO: 融合: 在审计查询里面查找，sql语句应不被阻断
[2019-05-27 18:36:21.926244] INFO: 融合: 删除新增sql规则
[2019-05-27 18:36:22.016314] INFO: 融合: 规则名称：oracle_gpe6
[2019-05-27 18:36:22.016314] INFO: 融合: SQL语句：select * from p1_030
[2019-05-27 18:36:22.016314] INFO: 融合: 当前测试模块 : 敏感sql_oracle类型中风险
[2019-05-27 18:36:22.016314] INFO: 融合: 当前测试用例及方法 : (<Func_oracle_re.OracleSqlRe testMethod=test_oracle_re_risk2>,)
[2019-05-27 18:36:22.017308] INFO: 融合: {'url': '/capaa/v1/featuredefense/sqlFeatureDefense', 'desc': '新增敏感sql规则', 'method': 'POST', 'header': {'Content-Type': 'application/json;charset=UTF-8'}, 'urlParam': {}, 'body': {'name': 'name', 'description': '规则名称', 'dbType': 'Oracle', 'dbId': 1, 'riskLevel': 3, 'status': 1, 'payloadType': 'fuzzySQL', 'payloadContent': 'select\\s*(from|\\s*)\\s+((?!where).)*$'}, 'expected': {'code': '0', 'success': True, 'message': 'success', 'data': None}}
[2019-05-27 18:36:22.017308] INFO: 融合: 规则名称：oracle_gpe6
[2019-05-27 18:36:22.017308] INFO: 融合: 当前sql类型：fuzzySQL
[2019-05-27 18:36:22.017308] INFO: 融合: 新增一条Oracle类型的sql规则
[2019-05-27 18:36:32.070571] INFO: 融合: 在Oracle客户端执行该语句
[2019-05-27 18:36:32.192566] INFO: 融合: 在审计查询里面查找，sql语句应被阻断
[2019-05-27 18:36:49.864492] INFO: 融合: 在MySQL客户端执行该语句
[2019-05-27 18:36:49.995587] INFO: 融合: 在审计查询里面查找，sql语句应不被阻断
[2019-05-27 18:37:07.664355] INFO: 融合: 删除新增sql规则
[2019-05-27 18:37:07.759423] INFO: 融合: 规则名称：oracle_4cmv
[2019-05-27 18:37:07.759423] INFO: 融合: SQL语句：select * from p1_908
[2019-05-27 18:37:07.759423] INFO: 融合: 当前测试模块 : 敏感sql_oracle类型高风险
[2019-05-27 18:37:07.760424] INFO: 融合: 当前测试用例及方法 : (<Func_oracle_re.OracleSqlRe testMethod=test_oracle_re_risk3>,)
[2019-05-27 18:37:07.760424] INFO: 融合: {'url': '/capaa/v1/featuredefense/sqlFeatureDefense', 'desc': '新增敏感sql规则', 'method': 'POST', 'header': {'Content-Type': 'application/json;charset=UTF-8'}, 'urlParam': {}, 'body': {'name': 'name', 'description': '规则名称', 'dbType': 'Oracle', 'dbId': 1, 'riskLevel': 3, 'status': 1, 'payloadType': 'fuzzySQL', 'payloadContent': 'select\\s*(from|\\s*)\\s+((?!where).)*$'}, 'expected': {'code': '0', 'success': True, 'message': 'success', 'data': None}}
[2019-05-27 18:37:07.760424] INFO: 融合: 规则名称：oracle_4cmv
[2019-05-27 18:37:07.760424] INFO: 融合: 当前sql类型：fuzzySQL
[2019-05-27 18:37:07.760424] INFO: 融合: 新增一条Oracle类型的sql规则
[2019-05-27 18:37:17.816169] INFO: 融合: 在Oracle客户端执行该语句
[2019-05-27 18:37:17.918240] INFO: 融合: 在审计查询里面查找，sql语句应被阻断
[2019-05-27 18:37:34.358783] INFO: 融合: 在MySQL客户端执行该语句
[2019-05-27 18:37:34.469892] INFO: 融合: 在审计查询里面查找，sql语句应不被阻断
[2019-05-27 18:37:51.062010] INFO: 融合: 删除新增sql规则
[2019-05-27 18:37:51.148071] INFO: 融合: 规则名称：oracle_5xy8
[2019-05-27 18:37:51.148071] INFO: 融合: SQL语句：select * from p1_102
[2019-05-27 18:37:51.149072] INFO: 融合: 当前测试模块 : 敏感sql_oracle类型极高风险
[2019-05-27 18:37:51.149072] INFO: 融合: 当前测试用例及方法 : (<Func_oracle_re.OracleSqlRe testMethod=test_oracle_re_risk4>,)
[2019-05-27 18:37:51.149072] INFO: 融合: {'url': '/capaa/v1/featuredefense/sqlFeatureDefense', 'desc': '新增敏感sql规则', 'method': 'POST', 'header': {'Content-Type': 'application/json;charset=UTF-8'}, 'urlParam': {}, 'body': {'name': 'name', 'description': '规则名称', 'dbType': 'Oracle', 'dbId': 1, 'riskLevel': 3, 'status': 1, 'payloadType': 'fuzzySQL', 'payloadContent': 'select\\s*(from|\\s*)\\s+((?!where).)*$'}, 'expected': {'code': '0', 'success': True, 'message': 'success', 'data': None}}
[2019-05-27 18:37:51.149072] INFO: 融合: 规则名称：oracle_5xy8
[2019-05-27 18:37:51.150072] INFO: 融合: 当前sql类型：fuzzySQL
[2019-05-27 18:37:51.150072] INFO: 融合: 新增一条Oracle类型的sql规则
[2019-05-27 18:38:01.205952] INFO: 融合: 在Oracle客户端执行该语句
[2019-05-27 18:38:01.280062] INFO: 融合: 在审计查询里面查找，sql语句应被阻断
[2019-05-27 18:38:18.979784] INFO: 融合: 在MySQL客户端执行该语句
[2019-05-27 18:38:19.095893] INFO: 融合: 在审计查询里面查找，sql语句应不被阻断
[2019-05-27 18:38:35.689993] INFO: 融合: 删除新增sql规则
[2019-05-27 18:38:35.790064] INFO: 融合: 规则名称：oracle_hs71
[2019-05-27 18:38:35.791065] INFO: 融合: SQL语句：select * from p1_145
[2019-05-27 18:38:35.791065] INFO: 融合: 当前测试模块 : 敏感sql_oracle类型低风险禁用
[2019-05-27 18:38:35.791065] INFO: 融合: 当前测试用例及方法 : (<Func_oracle_re_off.OracleSqlReOff testMethod=test_oracle_re_off_risk1>,)
[2019-05-27 18:38:35.791065] INFO: 融合: {'url': '/capaa/v1/featuredefense/sqlFeatureDefense', 'desc': '新增敏感sql规则', 'method': 'POST', 'header': {'Content-Type': 'application/json;charset=UTF-8'}, 'urlParam': {}, 'body': {'name': 'name', 'description': '规则名称', 'dbType': 'Oracle', 'dbId': 1, 'riskLevel': 3, 'status': 1, 'payloadType': 'fuzzySQL', 'payloadContent': 'select\\s*(from|\\s*)\\s+((?!where).)*$'}, 'expected': {'code': '0', 'success': True, 'message': 'success', 'data': None}}
[2019-05-27 18:38:35.792066] INFO: 融合: 规则名称：oracle_hs71
[2019-05-27 18:38:35.792066] INFO: 融合: 当前sql类型：fuzzySQL
[2019-05-27 18:38:35.792066] INFO: 融合: 新增一条Oracle类型的sql规则
[2019-05-27 18:38:45.842996] INFO: 融合: 在Oracle客户端执行该语句
[2019-05-27 18:38:45.983023] INFO: 融合: 在审计查询里面查找，sql语句应不被阻断
[2019-05-27 18:39:02.686943] INFO: 融合: 在MySQL客户端执行该语句
[2019-05-27 18:39:02.791013] INFO: 融合: 在审计查询里面查找，sql语句应不被阻断
[2019-05-27 18:39:02.909097] INFO: 融合: 删除新增sql规则
[2019-05-27 18:39:03.016189] INFO: 融合: 规则名称：oracle_wqsd
[2019-05-27 18:39:03.016189] INFO: 融合: SQL语句：select * from p1_994
[2019-05-27 18:39:03.016189] INFO: 融合: 当前测试模块 : 敏感sql_oracle类型中风险禁用
[2019-05-27 18:39:03.016189] INFO: 融合: 当前测试用例及方法 : (<Func_oracle_re_off.OracleSqlReOff testMethod=test_oracle_re_off_risk2>,)
[2019-05-27 18:39:03.017192] INFO: 融合: {'url': '/capaa/v1/featuredefense/sqlFeatureDefense', 'desc': '新增敏感sql规则', 'method': 'POST', 'header': {'Content-Type': 'application/json;charset=UTF-8'}, 'urlParam': {}, 'body': {'name': 'name', 'description': '规则名称', 'dbType': 'Oracle', 'dbId': 1, 'riskLevel': 3, 'status': 1, 'payloadType': 'fuzzySQL', 'payloadContent': 'select\\s*(from|\\s*)\\s+((?!where).)*$'}, 'expected': {'code': '0', 'success': True, 'message': 'success', 'data': None}}
[2019-05-27 18:39:03.017192] INFO: 融合: 规则名称：oracle_wqsd
[2019-05-27 18:39:03.017192] INFO: 融合: 当前sql类型：fuzzySQL
[2019-05-27 18:39:03.017192] INFO: 融合: 新增一条Oracle类型的sql规则
[2019-05-27 18:39:13.086420] INFO: 融合: 在Oracle客户端执行该语句
[2019-05-27 18:39:13.233436] INFO: 融合: 在审计查询里面查找，sql语句应不被阻断
[2019-05-27 18:39:19.900204] INFO: 融合: 在MySQL客户端执行该语句
[2019-05-27 18:39:19.972254] INFO: 融合: 在审计查询里面查找，sql语句应不被阻断
[2019-05-27 18:39:20.092339] INFO: 融合: 删除新增sql规则
[2019-05-27 18:39:20.207431] INFO: 融合: 规则名称：oracle_da91
[2019-05-27 18:39:20.207431] INFO: 融合: SQL语句：select * from p1_495
[2019-05-27 18:39:20.208422] INFO: 融合: 当前测试模块 : 敏感sql_oracle类型高风险禁用
[2019-05-27 18:39:20.208422] INFO: 融合: 当前测试用例及方法 : (<Func_oracle_re_off.OracleSqlReOff testMethod=test_oracle_re_off_risk3>,)
[2019-05-27 18:39:20.208422] INFO: 融合: {'url': '/capaa/v1/featuredefense/sqlFeatureDefense', 'desc': '新增敏感sql规则', 'method': 'POST', 'header': {'Content-Type': 'application/json;charset=UTF-8'}, 'urlParam': {}, 'body': {'name': 'name', 'description': '规则名称', 'dbType': 'Oracle', 'dbId': 1, 'riskLevel': 3, 'status': 1, 'payloadType': 'fuzzySQL', 'payloadContent': 'select\\s*(from|\\s*)\\s+((?!where).)*$'}, 'expected': {'code': '0', 'success': True, 'message': 'success', 'data': None}}
[2019-05-27 18:39:20.208422] INFO: 融合: 规则名称：oracle_da91
[2019-05-27 18:39:20.208422] INFO: 融合: 当前sql类型：fuzzySQL
[2019-05-27 18:39:20.208422] INFO: 融合: 新增一条Oracle类型的sql规则
[2019-05-27 18:39:30.262655] INFO: 融合: 在Oracle客户端执行该语句
[2019-05-27 18:39:30.414678] INFO: 融合: 在审计查询里面查找，sql语句应不被阻断
[2019-05-27 18:39:30.574791] INFO: 融合: 在MySQL客户端执行该语句
[2019-05-27 18:39:30.610817] INFO: 融合: 在审计查询里面查找，sql语句应不被阻断
[2019-05-27 18:39:30.714891] INFO: 融合: 删除新增sql规则
[2019-05-27 18:39:30.815972] INFO: 融合: 规则名称：oracle_fe14
[2019-05-27 18:39:30.816979] INFO: 融合: SQL语句：select * from p1_584
[2019-05-27 18:39:30.816979] INFO: 融合: 当前测试模块 : 敏感sql_oracle类型极高风险禁用
[2019-05-27 18:39:30.816979] INFO: 融合: 当前测试用例及方法 : (<Func_oracle_re_off.OracleSqlReOff testMethod=test_oracle_re_off_risk4>,)
[2019-05-27 18:39:30.816979] INFO: 融合: {'url': '/capaa/v1/featuredefense/sqlFeatureDefense', 'desc': '新增敏感sql规则', 'method': 'POST', 'header': {'Content-Type': 'application/json;charset=UTF-8'}, 'urlParam': {}, 'body': {'name': 'name', 'description': '规则名称', 'dbType': 'Oracle', 'dbId': 1, 'riskLevel': 3, 'status': 1, 'payloadType': 'fuzzySQL', 'payloadContent': 'select\\s*(from|\\s*)\\s+((?!where).)*$'}, 'expected': {'code': '0', 'success': True, 'message': 'success', 'data': None}}
[2019-05-27 18:39:30.817982] INFO: 融合: 规则名称：oracle_fe14
[2019-05-27 18:39:30.817982] INFO: 融合: 当前sql类型：fuzzySQL
[2019-05-27 18:39:30.817982] INFO: 融合: 新增一条Oracle类型的sql规则
[2019-05-27 18:39:40.872209] INFO: 融合: 在Oracle客户端执行该语句
[2019-05-27 18:39:41.025296] INFO: 融合: 在审计查询里面查找，sql语句应不被阻断
[2019-05-27 18:39:57.726094] INFO: 融合: 在MySQL客户端执行该语句
[2019-05-27 18:39:57.884208] INFO: 融合: 在审计查询里面查找，sql语句应不被阻断
[2019-05-27 18:39:58.009299] INFO: 融合: 删除新增sql规则
[2019-05-27 18:39:58.116371] INFO: 融合: 规则名称：oracle_rgxg
[2019-05-27 18:39:58.116371] INFO: 融合: SQL语句：select * from p1_833
[2019-05-27 18:39:58.116371] INFO: 融合: 当前测试模块 : 敏感sql_oracle类型低风险
[2019-05-27 18:39:58.117391] INFO: 融合: 当前测试用例及方法 : (<Func_oracle_stand.OracleSqlStand testMethod=test_oracle_stand_risk1>,)
[2019-05-27 18:39:58.117391] INFO: 融合: {'url': '/capaa/v1/featuredefense/sqlFeatureDefense', 'desc': '新增敏感sql规则', 'method': 'POST', 'header': {'Content-Type': 'application/json;charset=UTF-8'}, 'urlParam': {}, 'body': {'name': 'name', 'description': '规则名称', 'dbType': 'Oracle', 'dbId': 1, 'riskLevel': 3, 'status': 1, 'payloadType': 'fuzzySQL', 'payloadContent': 'select\\s*(from|\\s*)\\s+((?!where).)*$'}, 'expected': {'code': '0', 'success': True, 'message': 'success', 'data': None}}
[2019-05-27 18:39:58.117391] INFO: 融合: 规则名称：oracle_rgxg
[2019-05-27 18:39:58.117391] INFO: 融合: 当前sql类型：standardSQL
[2019-05-27 18:39:58.117391] INFO: 融合: 新增一条Oracle类型的sql规则
[2019-05-27 18:40:08.198545] INFO: 融合: 在Oracle客户端执行该语句
[2019-05-27 18:40:08.366660] INFO: 融合: 在审计查询里面查找，sql语句应被阻断
[2019-05-27 18:40:18.425856] INFO: 融合: 在MySQL客户端执行该语句
[2019-05-27 18:40:18.553946] INFO: 融合: 在审计查询里面查找，sql语句应不被阻断
[2019-05-27 18:40:35.254868] INFO: 融合: 删除新增sql规则
[2019-05-27 18:40:35.342946] INFO: 融合: 规则名称：oracle_fdgg
[2019-05-27 18:40:35.342946] INFO: 融合: SQL语句：select * from p1_019
[2019-05-27 18:40:35.343947] INFO: 融合: 当前测试模块 : 敏感sql_oracle类型中风险
[2019-05-27 18:40:35.344952] INFO: 融合: 当前测试用例及方法 : (<Func_oracle_stand.OracleSqlStand testMethod=test_oracle_stand_risk2>,)
[2019-05-27 18:40:35.344952] INFO: 融合: {'url': '/capaa/v1/featuredefense/sqlFeatureDefense', 'desc': '新增敏感sql规则', 'method': 'POST', 'header': {'Content-Type': 'application/json;charset=UTF-8'}, 'urlParam': {}, 'body': {'name': 'name', 'description': '规则名称', 'dbType': 'Oracle', 'dbId': 1, 'riskLevel': 3, 'status': 1, 'payloadType': 'fuzzySQL', 'payloadContent': 'select\\s*(from|\\s*)\\s+((?!where).)*$'}, 'expected': {'code': '0', 'success': True, 'message': 'success', 'data': None}}
[2019-05-27 18:40:35.344952] INFO: 融合: 规则名称：oracle_fdgg
[2019-05-27 18:40:35.344952] INFO: 融合: 当前sql类型：standardSQL
[2019-05-27 18:40:35.344952] INFO: 融合: 新增一条Oracle类型的sql规则
[2019-05-27 18:40:45.392081] INFO: 融合: 在Oracle客户端执行该语句
[2019-05-27 18:40:45.503156] INFO: 融合: 在审计查询里面查找，sql语句应被阻断
[2019-05-27 18:41:02.166035] INFO: 融合: 在MySQL客户端执行该语句
[2019-05-27 18:41:02.252112] INFO: 融合: 在审计查询里面查找，sql语句应不被阻断
[2019-05-27 18:41:18.928957] INFO: 融合: 删除新增sql规则
[2019-05-27 18:41:19.028027] INFO: 融合: 规则名称：oracle_lz6d
[2019-05-27 18:41:19.028027] INFO: 融合: SQL语句：select * from p1_898
[2019-05-27 18:41:19.029045] INFO: 融合: 当前测试模块 : 敏感sql_oracle类型高风险
[2019-05-27 18:41:19.029045] INFO: 融合: 当前测试用例及方法 : (<Func_oracle_stand.OracleSqlStand testMethod=test_oracle_stand_risk3>,)
[2019-05-27 18:41:19.029045] INFO: 融合: {'url': '/capaa/v1/featuredefense/sqlFeatureDefense', 'desc': '新增敏感sql规则', 'method': 'POST', 'header': {'Content-Type': 'application/json;charset=UTF-8'}, 'urlParam': {}, 'body': {'name': 'name', 'description': '规则名称', 'dbType': 'Oracle', 'dbId': 1, 'riskLevel': 3, 'status': 1, 'payloadType': 'fuzzySQL', 'payloadContent': 'select\\s*(from|\\s*)\\s+((?!where).)*$'}, 'expected': {'code': '0', 'success': True, 'message': 'success', 'data': None}}
[2019-05-27 18:41:19.029045] INFO: 融合: 规则名称：oracle_lz6d
[2019-05-27 18:41:19.029045] INFO: 融合: 当前sql类型：standardSQL
[2019-05-27 18:41:19.029045] INFO: 融合: 新增一条Oracle类型的sql规则
[2019-05-27 18:41:29.077290] INFO: 融合: 在Oracle客户端执行该语句
[2019-05-27 18:41:29.168288] INFO: 融合: 在审计查询里面查找，sql语句应被阻断
[2019-05-27 18:41:45.914251] INFO: 融合: 在MySQL客户端执行该语句
[2019-05-27 18:41:45.966313] INFO: 融合: 在审计查询里面查找，sql语句应不被阻断
[2019-05-27 18:42:02.712343] INFO: 融合: 删除新增sql规则
[2019-05-27 18:42:02.808409] INFO: 融合: 规则名称：oracle_x1am
[2019-05-27 18:42:02.808409] INFO: 融合: SQL语句：select * from p1_471
[2019-05-27 18:42:02.809427] INFO: 融合: 当前测试模块 : 敏感sql_oracle类型极高风险
[2019-05-27 18:42:02.809427] INFO: 融合: 当前测试用例及方法 : (<Func_oracle_stand.OracleSqlStand testMethod=test_oracle_stand_risk4>,)
[2019-05-27 18:42:02.809427] INFO: 融合: {'url': '/capaa/v1/featuredefense/sqlFeatureDefense', 'desc': '新增敏感sql规则', 'method': 'POST', 'header': {'Content-Type': 'application/json;charset=UTF-8'}, 'urlParam': {}, 'body': {'name': 'name', 'description': '规则名称', 'dbType': 'Oracle', 'dbId': 1, 'riskLevel': 3, 'status': 1, 'payloadType': 'fuzzySQL', 'payloadContent': 'select\\s*(from|\\s*)\\s+((?!where).)*$'}, 'expected': {'code': '0', 'success': True, 'message': 'success', 'data': None}}
[2019-05-27 18:42:02.809427] INFO: 融合: 规则名称：oracle_x1am
[2019-05-27 18:42:02.809427] INFO: 融合: 当前sql类型：standardSQL
[2019-05-27 18:42:02.810429] INFO: 融合: 新增一条Oracle类型的sql规则
[2019-05-27 18:42:12.861680] INFO: 融合: 在Oracle客户端执行该语句
[2019-05-27 18:42:12.968668] INFO: 融合: 在审计查询里面查找，sql语句应被阻断
[2019-05-27 18:42:29.643560] INFO: 融合: 在MySQL客户端执行该语句
[2019-05-27 18:42:29.705607] INFO: 融合: 在审计查询里面查找，sql语句应不被阻断
[2019-05-27 18:42:47.441234] INFO: 融合: 删除新增sql规则
[2019-05-27 18:42:47.534299] INFO: 融合: 规则名称：oracle_f6vm
[2019-05-27 18:42:47.535300] INFO: 融合: SQL语句：select * from p1_272
[2019-05-27 18:42:47.535300] INFO: 融合: 当前测试模块 : 敏感sql_oracle类型低风险禁用
[2019-05-27 18:42:47.535300] INFO: 融合: 当前测试用例及方法 : (<Func_oracle_stand_off.OracleSqlStandOff testMethod=test_oracle_stand_off_risk1>,)
[2019-05-27 18:42:47.535300] INFO: 融合: {'url': '/capaa/v1/featuredefense/sqlFeatureDefense', 'desc': '新增敏感sql规则', 'method': 'POST', 'header': {'Content-Type': 'application/json;charset=UTF-8'}, 'urlParam': {}, 'body': {'name': 'name', 'description': '规则名称', 'dbType': 'Oracle', 'dbId': 1, 'riskLevel': 3, 'status': 1, 'payloadType': 'fuzzySQL', 'payloadContent': 'select\\s*(from|\\s*)\\s+((?!where).)*$'}, 'expected': {'code': '0', 'success': True, 'message': 'success', 'data': None}}
[2019-05-27 18:42:47.536301] INFO: 融合: 规则名称：oracle_f6vm
[2019-05-27 18:42:47.536301] INFO: 融合: 当前sql类型：standardSQL
[2019-05-27 18:42:47.536301] INFO: 融合: 新增一条Oracle类型的sql规则
[2019-05-27 18:42:57.596530] INFO: 融合: 在Oracle客户端执行该语句
[2019-05-27 18:42:57.762643] INFO: 融合: 在审计查询里面查找，sql语句应不被阻断
[2019-05-27 18:43:13.243035] INFO: 融合: 在MySQL客户端执行该语句
[2019-05-27 18:43:13.263056] INFO: 融合: 在审计查询里面查找，sql语句应不被阻断
[2019-05-27 18:43:13.373124] INFO: 融合: 删除新增sql规则
[2019-05-27 18:43:13.464189] INFO: 融合: 规则名称：oracle_pwms
[2019-05-27 18:43:13.464189] INFO: 融合: SQL语句：select * from p1_582
[2019-05-27 18:43:13.465189] INFO: 融合: 当前测试模块 : 敏感sql_oracle类型中风险禁用
[2019-05-27 18:43:13.466189] INFO: 融合: 当前测试用例及方法 : (<Func_oracle_stand_off.OracleSqlStandOff testMethod=test_oracle_stand_off_risk2>,)
[2019-05-27 18:43:13.466189] INFO: 融合: {'url': '/capaa/v1/featuredefense/sqlFeatureDefense', 'desc': '新增敏感sql规则', 'method': 'POST', 'header': {'Content-Type': 'application/json;charset=UTF-8'}, 'urlParam': {}, 'body': {'name': 'name', 'description': '规则名称', 'dbType': 'Oracle', 'dbId': 1, 'riskLevel': 3, 'status': 1, 'payloadType': 'fuzzySQL', 'payloadContent': 'select\\s*(from|\\s*)\\s+((?!where).)*$'}, 'expected': {'code': '0', 'success': True, 'message': 'success', 'data': None}}
[2019-05-27 18:43:13.466189] INFO: 融合: 规则名称：oracle_pwms
[2019-05-27 18:43:13.466189] INFO: 融合: 当前sql类型：standardSQL
[2019-05-27 18:43:13.466189] INFO: 融合: 新增一条Oracle类型的sql规则
[2019-05-27 18:43:23.534435] INFO: 融合: 在Oracle客户端执行该语句
[2019-05-27 18:43:23.696490] INFO: 融合: 在审计查询里面查找，sql语句应不被阻断
[2019-05-27 18:43:30.532388] INFO: 融合: 在MySQL客户端执行该语句
[2019-05-27 18:43:30.572432] INFO: 融合: 在审计查询里面查找，sql语句应不被阻断
[2019-05-27 18:43:30.675490] INFO: 融合: 删除新增sql规则
[2019-05-27 18:43:30.765557] INFO: 融合: 规则名称：oracle_snb4
[2019-05-27 18:43:30.766555] INFO: 融合: SQL语句：select * from p1_293
[2019-05-27 18:43:30.766555] INFO: 融合: 当前测试模块 : 敏感sql_oracle类型高风险禁用
[2019-05-27 18:43:30.766555] INFO: 融合: 当前测试用例及方法 : (<Func_oracle_stand_off.OracleSqlStandOff testMethod=test_oracle_stand_off_risk3>,)
[2019-05-27 18:43:30.766555] INFO: 融合: {'url': '/capaa/v1/featuredefense/sqlFeatureDefense', 'desc': '新增敏感sql规则', 'method': 'POST', 'header': {'Content-Type': 'application/json;charset=UTF-8'}, 'urlParam': {}, 'body': {'name': 'name', 'description': '规则名称', 'dbType': 'Oracle', 'dbId': 1, 'riskLevel': 3, 'status': 1, 'payloadType': 'fuzzySQL', 'payloadContent': 'select\\s*(from|\\s*)\\s+((?!where).)*$'}, 'expected': {'code': '0', 'success': True, 'message': 'success', 'data': None}}
[2019-05-27 18:43:30.767557] INFO: 融合: 规则名称：oracle_snb4
[2019-05-27 18:43:30.767557] INFO: 融合: 当前sql类型：standardSQL
[2019-05-27 18:43:30.767557] INFO: 融合: 新增一条Oracle类型的sql规则
[2019-05-27 18:43:40.823790] INFO: 融合: 在Oracle客户端执行该语句
[2019-05-27 18:43:40.979815] INFO: 融合: 在审计查询里面查找，sql语句应不被阻断
[2019-05-27 18:43:48.846413] INFO: 融合: 在MySQL客户端执行该语句
[2019-05-27 18:43:48.882436] INFO: 融合: 在审计查询里面查找，sql语句应不被阻断
[2019-05-27 18:43:48.976502] INFO: 融合: 删除新增sql规则
[2019-05-27 18:43:49.069566] INFO: 融合: 规则名称：oracle_56in
[2019-05-27 18:43:49.069566] INFO: 融合: SQL语句：select * from p1_649
[2019-05-27 18:43:49.070587] INFO: 融合: 当前测试模块 : 敏感sql_oracle类型极高风险禁用
[2019-05-27 18:43:49.070587] INFO: 融合: 当前测试用例及方法 : (<Func_oracle_stand_off.OracleSqlStandOff testMethod=test_oracle_stand_off_risk4>,)
[2019-05-27 18:43:49.070587] INFO: 融合: {'url': '/capaa/v1/featuredefense/sqlFeatureDefense', 'desc': '新增敏感sql规则', 'method': 'POST', 'header': {'Content-Type': 'application/json;charset=UTF-8'}, 'urlParam': {}, 'body': {'name': 'name', 'description': '规则名称', 'dbType': 'Oracle', 'dbId': 1, 'riskLevel': 3, 'status': 1, 'payloadType': 'fuzzySQL', 'payloadContent': 'select\\s*(from|\\s*)\\s+((?!where).)*$'}, 'expected': {'code': '0', 'success': True, 'message': 'success', 'data': None}}
[2019-05-27 18:43:49.070587] INFO: 融合: 规则名称：oracle_56in
[2019-05-27 18:43:49.070587] INFO: 融合: 当前sql类型：standardSQL
[2019-05-27 18:43:49.070587] INFO: 融合: 新增一条Oracle类型的sql规则
[2019-05-27 18:43:59.118850] INFO: 融合: 在Oracle客户端执行该语句
[2019-05-27 18:43:59.290908] INFO: 融合: 在审计查询里面查找，sql语句应不被阻断
[2019-05-27 18:44:09.405098] INFO: 融合: 在MySQL客户端执行该语句
[2019-05-27 18:44:09.443126] INFO: 融合: 在审计查询里面查找，sql语句应不被阻断
[2019-05-27 18:44:09.582252] INFO: 融合: 删除新增sql规则
[2019-05-27 18:44:09.670286] INFO: 融合: 规则名称：oracle_33hr
[2019-05-27 18:44:09.670286] INFO: 融合: SQL语句：select * from p1_102
[2019-05-27 18:44:09.671289] INFO: 融合: 当前测试模块 : 敏感sql_oracle类型低风险
[2019-05-27 18:44:09.671289] INFO: 融合: 当前测试用例及方法 : (<Func_oracle_temp.OracleSqlTemp testMethod=test_oracle_temp_risk1>,)
[2019-05-27 18:44:09.671289] INFO: 融合: {'url': '/capaa/v1/featuredefense/sqlFeatureDefense', 'desc': '新增敏感sql规则', 'method': 'POST', 'header': {'Content-Type': 'application/json;charset=UTF-8'}, 'urlParam': {}, 'body': {'name': 'name', 'description': '规则名称', 'dbType': 'Oracle', 'dbId': 1, 'riskLevel': 3, 'status': 1, 'payloadType': 'fuzzySQL', 'payloadContent': 'select\\s*(from|\\s*)\\s+((?!where).)*$'}, 'expected': {'code': '0', 'success': True, 'message': 'success', 'data': None}}
[2019-05-27 18:44:09.671289] INFO: 融合: 规则名称：oracle_33hr
[2019-05-27 18:44:09.671289] INFO: 融合: 当前sql类型：templateSQL
[2019-05-27 18:44:09.671289] INFO: 融合: 新增一条Oracle类型的sql规则
[2019-05-27 18:44:19.720586] INFO: 融合: 在Oracle客户端执行该语句
[2019-05-27 18:44:19.845596] INFO: 融合: 在审计查询里面查找，sql语句应被阻断
[2019-05-27 18:44:26.551332] INFO: 融合: 在MySQL客户端执行该语句
[2019-05-27 18:44:26.579351] INFO: 融合: 在审计查询里面查找，sql语句应不被阻断
[2019-05-27 18:44:26.690430] INFO: 融合: 删除新增sql规则
[2019-05-27 18:44:26.776494] INFO: 融合: 规则名称：oracle_gal9
[2019-05-27 18:44:26.776494] INFO: 融合: SQL语句：select * from p1_209
[2019-05-27 18:44:26.777494] INFO: 融合: 当前测试模块 : 敏感sql_oracle类型中风险
[2019-05-27 18:44:26.777494] INFO: 融合: 当前测试用例及方法 : (<Func_oracle_temp.OracleSqlTemp testMethod=test_oracle_temp_risk2>,)
[2019-05-27 18:44:26.777494] INFO: 融合: {'url': '/capaa/v1/featuredefense/sqlFeatureDefense', 'desc': '新增敏感sql规则', 'method': 'POST', 'header': {'Content-Type': 'application/json;charset=UTF-8'}, 'urlParam': {}, 'body': {'name': 'name', 'description': '规则名称', 'dbType': 'Oracle', 'dbId': 1, 'riskLevel': 3, 'status': 1, 'payloadType': 'fuzzySQL', 'payloadContent': 'select\\s*(from|\\s*)\\s+((?!where).)*$'}, 'expected': {'code': '0', 'success': True, 'message': 'success', 'data': None}}
[2019-05-27 18:44:26.777494] INFO: 融合: 规则名称：oracle_gal9
[2019-05-27 18:44:26.777494] INFO: 融合: 当前sql类型：templateSQL
[2019-05-27 18:44:26.778494] INFO: 融合: 新增一条Oracle类型的sql规则
[2019-05-27 18:44:36.829907] INFO: 融合: 在Oracle客户端执行该语句
[2019-05-27 18:44:36.926961] INFO: 融合: 在审计查询里面查找，sql语句应被阻断
[2019-05-27 18:44:43.703767] INFO: 融合: 在MySQL客户端执行该语句
[2019-05-27 18:44:43.767816] INFO: 融合: 在审计查询里面查找，sql语句应不被阻断
[2019-05-27 18:45:00.414750] INFO: 融合: 删除新增sql规则
[2019-05-27 18:45:00.510817] INFO: 融合: 规则名称：oracle_f79q
[2019-05-27 18:45:00.510817] INFO: 融合: SQL语句：select * from p1_023
[2019-05-27 18:45:00.510817] INFO: 融合: 当前测试模块 : 敏感sql_oracle类型高风险
[2019-05-27 18:45:00.511839] INFO: 融合: 当前测试用例及方法 : (<Func_oracle_temp.OracleSqlTemp testMethod=test_oracle_temp_risk3>,)
[2019-05-27 18:45:00.511839] INFO: 融合: {'url': '/capaa/v1/featuredefense/sqlFeatureDefense', 'desc': '新增敏感sql规则', 'method': 'POST', 'header': {'Content-Type': 'application/json;charset=UTF-8'}, 'urlParam': {}, 'body': {'name': 'name', 'description': '规则名称', 'dbType': 'Oracle', 'dbId': 1, 'riskLevel': 3, 'status': 1, 'payloadType': 'fuzzySQL', 'payloadContent': 'select\\s*(from|\\s*)\\s+((?!where).)*$'}, 'expected': {'code': '0', 'success': True, 'message': 'success', 'data': None}}
[2019-05-27 18:45:00.511839] INFO: 融合: 规则名称：oracle_f79q
[2019-05-27 18:45:00.511839] INFO: 融合: 当前sql类型：templateSQL
[2019-05-27 18:45:00.511839] INFO: 融合: 新增一条Oracle类型的sql规则
[2019-05-27 18:45:10.561243] INFO: 融合: 在Oracle客户端执行该语句
[2019-05-27 18:45:10.676335] INFO: 融合: 在审计查询里面查找，sql语句应被阻断
[2019-05-27 18:45:27.293123] INFO: 融合: 在MySQL客户端执行该语句
[2019-05-27 18:45:27.339156] INFO: 融合: 在审计查询里面查找，sql语句应不被阻断
[2019-05-27 18:45:44.069064] INFO: 融合: 删除新增sql规则
[2019-05-27 18:45:44.159116] INFO: 融合: 规则名称：oracle_a0bi
[2019-05-27 18:45:44.159116] INFO: 融合: SQL语句：select * from p1_387
[2019-05-27 18:45:44.160114] INFO: 融合: 当前测试模块 : 敏感sql_oracle类型极高风险
[2019-05-27 18:45:44.160114] INFO: 融合: 当前测试用例及方法 : (<Func_oracle_temp.OracleSqlTemp testMethod=test_oracle_temp_risk4>,)
[2019-05-27 18:45:44.160114] INFO: 融合: {'url': '/capaa/v1/featuredefense/sqlFeatureDefense', 'desc': '新增敏感sql规则', 'method': 'POST', 'header': {'Content-Type': 'application/json;charset=UTF-8'}, 'urlParam': {}, 'body': {'name': 'name', 'description': '规则名称', 'dbType': 'Oracle', 'dbId': 1, 'riskLevel': 3, 'status': 1, 'payloadType': 'fuzzySQL', 'payloadContent': 'select\\s*(from|\\s*)\\s+((?!where).)*$'}, 'expected': {'code': '0', 'success': True, 'message': 'success', 'data': None}}
[2019-05-27 18:45:44.161114] INFO: 融合: 规则名称：oracle_a0bi
[2019-05-27 18:45:44.161114] INFO: 融合: 当前sql类型：templateSQL
[2019-05-27 18:45:44.161114] INFO: 融合: 新增一条Oracle类型的sql规则
[2019-05-27 18:45:54.213269] INFO: 融合: 在Oracle客户端执行该语句
[2019-05-27 18:45:54.333353] INFO: 融合: 在审计查询里面查找，sql语句应被阻断
[2019-05-27 18:46:11.010203] INFO: 融合: 在MySQL客户端执行该语句
[2019-05-27 18:46:11.052234] INFO: 融合: 在审计查询里面查找，sql语句应不被阻断
[2019-05-27 18:46:27.705072] INFO: 融合: 删除新增sql规则
[2019-05-27 18:46:27.795152] INFO: 融合: 规则名称：oracle_msku
[2019-05-27 18:46:27.795152] INFO: 融合: SQL语句：select * from p1_528
[2019-05-27 18:46:27.796156] INFO: 融合: 当前测试模块 : 敏感sql_oracle类型低风险
[2019-05-27 18:46:27.796156] INFO: 融合: 当前测试用例及方法 : (<Func_oracle_temp_off.OracleSqlTempOff testMethod=test_oracle_temp_off_risk1>,)
[2019-05-27 18:46:27.796156] INFO: 融合: {'url': '/capaa/v1/featuredefense/sqlFeatureDefense', 'desc': '新增敏感sql规则', 'method': 'POST', 'header': {'Content-Type': 'application/json;charset=UTF-8'}, 'urlParam': {}, 'body': {'name': 'name', 'description': '规则名称', 'dbType': 'Oracle', 'dbId': 1, 'riskLevel': 3, 'status': 1, 'payloadType': 'fuzzySQL', 'payloadContent': 'select\\s*(from|\\s*)\\s+((?!where).)*$'}, 'expected': {'code': '0', 'success': True, 'message': 'success', 'data': None}}
[2019-05-27 18:46:27.796156] INFO: 融合: 规则名称：oracle_msku
[2019-05-27 18:46:27.796156] INFO: 融合: 当前sql类型：templateSQL
[2019-05-27 18:46:27.796156] INFO: 融合: 新增一条Oracle类型的sql规则
[2019-05-27 18:46:37.860343] INFO: 融合: 在Oracle客户端执行该语句
[2019-05-27 18:46:38.024438] INFO: 融合: 在审计查询里面查找，sql语句应不被阻断
[2019-05-27 18:46:54.634239] INFO: 融合: 在MySQL客户端执行该语句
[2019-05-27 18:46:54.694301] INFO: 融合: 在审计查询里面查找，sql语句应不被阻断
[2019-05-27 18:46:54.835384] INFO: 融合: 删除新增sql规则
[2019-05-27 18:46:54.929465] INFO: 融合: 规则名称：oracle_0ygf
[2019-05-27 18:46:54.930466] INFO: 融合: SQL语句：select * from p1_797
[2019-05-27 18:46:54.930466] INFO: 融合: 当前测试模块 : 敏感sql_oracle类型中风险
[2019-05-27 18:46:54.931470] INFO: 融合: 当前测试用例及方法 : (<Func_oracle_temp_off.OracleSqlTempOff testMethod=test_oracle_temp_off_risk2>,)
[2019-05-27 18:46:54.931470] INFO: 融合: {'url': '/capaa/v1/featuredefense/sqlFeatureDefense', 'desc': '新增敏感sql规则', 'method': 'POST', 'header': {'Content-Type': 'application/json;charset=UTF-8'}, 'urlParam': {}, 'body': {'name': 'name', 'description': '规则名称', 'dbType': 'Oracle', 'dbId': 1, 'riskLevel': 3, 'status': 1, 'payloadType': 'fuzzySQL', 'payloadContent': 'select\\s*(from|\\s*)\\s+((?!where).)*$'}, 'expected': {'code': '0', 'success': True, 'message': 'success', 'data': None}}
[2019-05-27 18:46:54.931470] INFO: 融合: 规则名称：oracle_0ygf
[2019-05-27 18:46:54.931470] INFO: 融合: 当前sql类型：templateSQL
[2019-05-27 18:46:54.931470] INFO: 融合: 新增一条Oracle类型的sql规则
[2019-05-27 18:47:04.998686] INFO: 融合: 在Oracle客户端执行该语句
[2019-05-27 18:47:05.138708] INFO: 融合: 在审计查询里面查找，sql语句应不被阻断
[2019-05-27 18:47:11.923599] INFO: 融合: 在MySQL客户端执行该语句
[2019-05-27 18:47:11.998653] INFO: 融合: 在审计查询里面查找，sql语句应不被阻断
[2019-05-27 18:47:12.123743] INFO: 融合: 删除新增sql规则
[2019-05-27 18:47:12.212804] INFO: 融合: 规则名称：oracle_3ync
[2019-05-27 18:47:12.212804] INFO: 融合: SQL语句：select * from p1_662
[2019-05-27 18:47:12.213805] INFO: 融合: 当前测试模块 : 敏感sql_oracle类型高风险
[2019-05-27 18:47:12.213805] INFO: 融合: 当前测试用例及方法 : (<Func_oracle_temp_off.OracleSqlTempOff testMethod=test_oracle_temp_off_risk3>,)
[2019-05-27 18:47:12.213805] INFO: 融合: {'url': '/capaa/v1/featuredefense/sqlFeatureDefense', 'desc': '新增敏感sql规则', 'method': 'POST', 'header': {'Content-Type': 'application/json;charset=UTF-8'}, 'urlParam': {}, 'body': {'name': 'name', 'description': '规则名称', 'dbType': 'Oracle', 'dbId': 1, 'riskLevel': 3, 'status': 1, 'payloadType': 'fuzzySQL', 'payloadContent': 'select\\s*(from|\\s*)\\s+((?!where).)*$'}, 'expected': {'code': '0', 'success': True, 'message': 'success', 'data': None}}
[2019-05-27 18:47:12.213805] INFO: 融合: 规则名称：oracle_3ync
[2019-05-27 18:47:12.214806] INFO: 融合: 当前sql类型：templateSQL
[2019-05-27 18:47:12.214806] INFO: 融合: 新增一条Oracle类型的sql规则
[2019-05-27 18:47:22.262958] INFO: 融合: 在Oracle客户端执行该语句
[2019-05-27 18:47:22.421083] INFO: 融合: 在审计查询里面查找，sql语句应不被阻断
[2019-05-27 18:47:29.237944] INFO: 融合: 在MySQL客户端执行该语句
[2019-05-27 18:47:29.279983] INFO: 融合: 在审计查询里面查找，sql语句应不被阻断
[2019-05-27 18:47:29.398064] INFO: 融合: 删除新增sql规则
[2019-05-27 18:47:29.501150] INFO: 融合: 规则名称：oracle_vw5n
[2019-05-27 18:47:29.502151] INFO: 融合: SQL语句：select * from p1_189
[2019-05-27 18:47:29.502151] INFO: 融合: 当前测试模块 : 敏感sql_oracle类型极高风险
[2019-05-27 18:47:29.502151] INFO: 融合: 当前测试用例及方法 : (<Func_oracle_temp_off.OracleSqlTempOff testMethod=test_oracle_temp_off_risk4>,)
[2019-05-27 18:47:29.502151] INFO: 融合: {'url': '/capaa/v1/featuredefense/sqlFeatureDefense', 'desc': '新增敏感sql规则', 'method': 'POST', 'header': {'Content-Type': 'application/json;charset=UTF-8'}, 'urlParam': {}, 'body': {'name': 'name', 'description': '规则名称', 'dbType': 'Oracle', 'dbId': 1, 'riskLevel': 3, 'status': 1, 'payloadType': 'fuzzySQL', 'payloadContent': 'select\\s*(from|\\s*)\\s+((?!where).)*$'}, 'expected': {'code': '0', 'success': True, 'message': 'success', 'data': None}}
[2019-05-27 18:47:29.503151] INFO: 融合: 规则名称：oracle_vw5n
[2019-05-27 18:47:29.503151] INFO: 融合: 当前sql类型：templateSQL
[2019-05-27 18:47:29.503151] INFO: 融合: 新增一条Oracle类型的sql规则
[2019-05-27 18:47:39.554416] INFO: 融合: 在Oracle客户端执行该语句
[2019-05-27 18:47:39.709443] INFO: 融合: 在审计查询里面查找，sql语句应不被阻断
[2019-05-27 18:47:48.530494] INFO: 融合: 在MySQL客户端执行该语句
[2019-05-27 18:47:48.573522] INFO: 融合: 在审计查询里面查找，sql语句应不被阻断
[2019-05-27 18:47:48.666589] INFO: 融合: 删除新增sql规则
